<?xml version="1.0" encoding="UTF-8"?>
<!-- Generated by org.testng.reporters.JUnitReportReporter -->
<testsuite hostname="LAPTOP-G9RE70VK" failures="0" tests="1" name="Demopractice.DemoTest" time="4.859" errors="0" timestamp="2022-08-16T16:26:43 IST" skipped="0">
  <testcase classname="Demopractice.DemoTest" name="demotest" time="4.859"/>
  <system-out/>
</testsuite> <!-- Demopractice.DemoTest -->
